2023-05-23 00:03:19,627{GMT}	INFO	[jepsen test runner] jepsen.core: Test version 0b204910cfb02817f78742c84c72821d44de1b15 (plus uncommitted changes)
2023-05-23 00:03:19,628{GMT}	INFO	[jepsen test runner] jepsen.core: Command line:
lein run test -w echo --bin /Users/test/go/bin/maelstrom-echo --node-count 1 --time-limit 10
2023-05-23 00:03:19,713{GMT}	INFO	[jepsen test runner] jepsen.core: Running test:
{:args []
 :remote
 #jepsen.control.retry.Remote{:remote #jepsen.control.scp.Remote{:cmd-remote #jepsen.control.sshj.SSHJRemote{:concurrency-limit 6,
                                                                                                             :conn-spec nil,
                                                                                                             :client nil,
                                                                                                             :semaphore nil},
                                                                 :conn-spec nil},
                              :conn nil}
 :log-net-send false
 :node-count 1
 :availability nil
 :max-txn-length 4
 :concurrency 1
 :db
 #object[maelstrom.db$db$reify__16142
         "0x704c3ca2"
         "maelstrom.db$db$reify__16142@704c3ca2"]
 :max-writes-per-key 16
 :leave-db-running? false
 :name "echo"
 :logging-json? false
 :start-time
 #object[org.joda.time.DateTime "0x196c8b93" "2023-05-23T00:03:19.577-04:00"]
 :nemesis-interval 10
 :net
 #object[maelstrom.net$jepsen_net$reify__15251
         "0x307ca947"
         "maelstrom.net$jepsen_net$reify__15251@307ca947"]
 :client
 #object[maelstrom.workload.echo$client$reify__16863
         "0x61d1315b"
         "maelstrom.workload.echo$client$reify__16863@61d1315b"]
 :barrier
 #object[java.util.concurrent.CyclicBarrier
         "0x49d5b651"
         "java.util.concurrent.CyclicBarrier@49d5b651"]
 :log-stderr false
 :pure-generators true
 :ssh {:dummy? true}
 :rate 5
 :checker
 #object[jepsen.checker$compose$reify__11881
         "0x34989ceb"
         "jepsen.checker$compose$reify__11881@34989ceb"]
 :argv
 ("test"
  "-w"
  "echo"
  "--bin"
  "/Users/test/go/bin/maelstrom-echo"
  "--node-count"
  "1"
  "--time-limit"
  "10")
 :nemesis
 (jepsen.nemesis.ReflCompose
  {:fm {:start-partition 0,
        :stop-partition 0,
        :kill 1,
        :start 1,
        :pause 1,
        :resume 1},
   :nemeses [#unprintable "jepsen.nemesis.combined$partition_nemesis$reify__16416@61fb3dae"
             #unprintable "jepsen.nemesis.combined$db_nemesis$reify__16397@9c88323"]})
 :nodes ["n0"]
 :test-count 1
 :latency {:mean 0, :dist :constant}
 :bin "/Users/test/go/bin/maelstrom-echo"
 :generator
 (jepsen.generator.TimeLimit
  {:limit 10000000000,
   :cutoff nil,
   :gen (jepsen.generator.Any
         {:gens [(jepsen.generator.OnThreads
                  {:f #{:nemesis},
                   :context-filter #object[jepsen.generator.context$make_thread_filter$lazy_filter__9167
                                           "0x50a1c2f3"
                                           "jepsen.generator.context$make_thread_filter$lazy_filter__9167@50a1c2f3"],
                   :gen nil})
                 (jepsen.generator.OnThreads
                  {:f #jepsen.generator.context.AllBut{:element :nemesis},
                   :context-filter #object[jepsen.generator.context$make_thread_filter$lazy_filter__9167
                                           "0x453ca7f"
                                           "jepsen.generator.context$make_thread_filter$lazy_filter__9167@453ca7f"],
                   :gen (jepsen.generator.Stagger
                         {:dt 400000000,
                          :next-time nil,
                          :gen (jepsen.generator.EachThread
                                {:fresh-gen #object[maelstrom.workload.echo$workload$fn__16882
                                                    "0x5d41b929"
                                                    "maelstrom.workload.echo$workload$fn__16882@5d41b929"],
                                 :context-filters #object[clojure.core$promise$reify__8591
                                                          "0x6dd0e2f4"
                                                          {:status :pending,
                                                           :val nil}],
                                 :gens {}})})})]})})
 :log-net-recv false
 :os
 #object[maelstrom.net$jepsen_os$reify__15254
         "0x333813e7"
         "maelstrom.net$jepsen_os$reify__15254@333813e7"]
 :time-limit 10
 :workload :echo
 :consistency-models [:strict-serializable]
 :topology :grid}

2023-05-23 00:03:22,368{GMT}	INFO	[jepsen node n0] maelstrom.net: Starting Maelstrom network
2023-05-23 00:03:22,370{GMT}	INFO	[jepsen test runner] jepsen.db: Tearing down DB
2023-05-23 00:03:22,371{GMT}	INFO	[jepsen test runner] jepsen.db: Setting up DB
2023-05-23 00:03:22,374{GMT}	INFO	[jepsen node n0] maelstrom.service: Starting services: (lin-kv lin-tso lww-kv seq-kv)
2023-05-23 00:03:22,375{GMT}	INFO	[jepsen node n0] maelstrom.db: Setting up n0
2023-05-23 00:03:22,376{GMT}	INFO	[jepsen node n0] maelstrom.process: launching /Users/test/go/bin/maelstrom-echo []
2023-05-23 00:03:22,416{GMT}	INFO	[jepsen test runner] jepsen.core: Relative time begins now
2023-05-23 00:03:22,433{GMT}	INFO	[jepsen worker 0] jepsen.util: 0	:invoke	:echo	"Please echo 46"
2023-05-23 00:03:22,440{GMT}	INFO	[jepsen worker 0] jepsen.util: 0	:ok	:echo	{:echo "Please echo 46", :in_reply_to 1, :msg_id 1, :type "echo_ok"}
2023-05-23 00:03:22,446{GMT}	INFO	[jepsen worker 0] jepsen.util: 0	:invoke	:echo	"Please echo 57"
2023-05-23 00:03:22,447{GMT}	INFO	[jepsen worker 0] jepsen.util: 0	:ok	:echo	{:echo "Please echo 57", :in_reply_to 2, :msg_id 2, :type "echo_ok"}
2023-05-23 00:03:22,732{GMT}	INFO	[jepsen worker 0] jepsen.util: 0	:invoke	:echo	"Please echo 77"
2023-05-23 00:03:22,734{GMT}	INFO	[jepsen worker 0] jepsen.util: 0	:ok	:echo	{:echo "Please echo 77", :in_reply_to 3, :msg_id 3, :type "echo_ok"}
2023-05-23 00:03:22,845{GMT}	INFO	[jepsen worker 0] jepsen.util: 0	:invoke	:echo	"Please echo 35"
2023-05-23 00:03:22,846{GMT}	INFO	[jepsen worker 0] jepsen.util: 0	:ok	:echo	{:echo "Please echo 35", :in_reply_to 4, :msg_id 4, :type "echo_ok"}
2023-05-23 00:03:22,962{GMT}	INFO	[jepsen worker 0] jepsen.util: 0	:invoke	:echo	"Please echo 124"
2023-05-23 00:03:22,963{GMT}	INFO	[jepsen worker 0] jepsen.util: 0	:ok	:echo	{:echo "Please echo 124", :in_reply_to 5, :msg_id 5, :type "echo_ok"}
2023-05-23 00:03:23,250{GMT}	INFO	[jepsen worker 0] jepsen.util: 0	:invoke	:echo	"Please echo 23"
2023-05-23 00:03:23,252{GMT}	INFO	[jepsen worker 0] jepsen.util: 0	:ok	:echo	{:echo "Please echo 23", :in_reply_to 6, :msg_id 6, :type "echo_ok"}
2023-05-23 00:03:23,398{GMT}	INFO	[jepsen worker 0] jepsen.util: 0	:invoke	:echo	"Please echo 78"
2023-05-23 00:03:23,401{GMT}	INFO	[jepsen worker 0] jepsen.util: 0	:ok	:echo	{:echo "Please echo 78", :in_reply_to 7, :msg_id 7, :type "echo_ok"}
2023-05-23 00:03:23,683{GMT}	INFO	[jepsen worker 0] jepsen.util: 0	:invoke	:echo	"Please echo 73"
2023-05-23 00:03:23,685{GMT}	INFO	[jepsen worker 0] jepsen.util: 0	:ok	:echo	{:echo "Please echo 73", :in_reply_to 8, :msg_id 8, :type "echo_ok"}
2023-05-23 00:03:23,971{GMT}	INFO	[jepsen worker 0] jepsen.util: 0	:invoke	:echo	"Please echo 74"
2023-05-23 00:03:23,974{GMT}	INFO	[jepsen worker 0] jepsen.util: 0	:ok	:echo	{:echo "Please echo 74", :in_reply_to 9, :msg_id 9, :type "echo_ok"}
2023-05-23 00:03:24,110{GMT}	INFO	[jepsen worker 0] jepsen.util: 0	:invoke	:echo	"Please echo 42"
2023-05-23 00:03:24,112{GMT}	INFO	[jepsen worker 0] jepsen.util: 0	:ok	:echo	{:echo "Please echo 42", :in_reply_to 10, :msg_id 10, :type "echo_ok"}
2023-05-23 00:03:24,410{GMT}	INFO	[jepsen worker 0] jepsen.util: 0	:invoke	:echo	"Please echo 33"
2023-05-23 00:03:24,412{GMT}	INFO	[jepsen worker 0] jepsen.util: 0	:ok	:echo	{:echo "Please echo 33", :in_reply_to 11, :msg_id 11, :type "echo_ok"}
2023-05-23 00:03:24,795{GMT}	INFO	[jepsen worker 0] jepsen.util: 0	:invoke	:echo	"Please echo 88"
2023-05-23 00:03:24,796{GMT}	INFO	[jepsen worker 0] jepsen.util: 0	:ok	:echo	{:echo "Please echo 88", :in_reply_to 12, :msg_id 12, :type "echo_ok"}
2023-05-23 00:03:24,999{GMT}	INFO	[jepsen worker 0] jepsen.util: 0	:invoke	:echo	"Please echo 122"
2023-05-23 00:03:25,001{GMT}	INFO	[jepsen worker 0] jepsen.util: 0	:ok	:echo	{:echo "Please echo 122", :in_reply_to 13, :msg_id 13, :type "echo_ok"}
2023-05-23 00:03:25,109{GMT}	INFO	[jepsen worker 0] jepsen.util: 0	:invoke	:echo	"Please echo 109"
2023-05-23 00:03:25,111{GMT}	INFO	[jepsen worker 0] jepsen.util: 0	:ok	:echo	{:echo "Please echo 109", :in_reply_to 14, :msg_id 14, :type "echo_ok"}
2023-05-23 00:03:25,510{GMT}	INFO	[jepsen worker 0] jepsen.util: 0	:invoke	:echo	"Please echo 57"
2023-05-23 00:03:25,528{GMT}	INFO	[jepsen worker 0] jepsen.util: 0	:ok	:echo	{:echo "Please echo 57", :in_reply_to 15, :msg_id 15, :type "echo_ok"}
2023-05-23 00:03:25,599{GMT}	INFO	[jepsen worker 0] jepsen.util: 0	:invoke	:echo	"Please echo 42"
2023-05-23 00:03:25,619{GMT}	INFO	[jepsen worker 0] jepsen.util: 0	:ok	:echo	{:echo "Please echo 42", :in_reply_to 16, :msg_id 16, :type "echo_ok"}
2023-05-23 00:03:25,637{GMT}	INFO	[jepsen worker 0] jepsen.util: 0	:invoke	:echo	"Please echo 9"
2023-05-23 00:03:25,638{GMT}	INFO	[jepsen worker 0] jepsen.util: 0	:ok	:echo	{:echo "Please echo 9", :in_reply_to 17, :msg_id 17, :type "echo_ok"}
2023-05-23 00:03:25,795{GMT}	INFO	[jepsen worker 0] jepsen.util: 0	:invoke	:echo	"Please echo 30"
2023-05-23 00:03:25,796{GMT}	INFO	[jepsen worker 0] jepsen.util: 0	:ok	:echo	{:echo "Please echo 30", :in_reply_to 18, :msg_id 18, :type "echo_ok"}
2023-05-23 00:03:25,933{GMT}	INFO	[jepsen worker 0] jepsen.util: 0	:invoke	:echo	"Please echo 10"
2023-05-23 00:03:25,935{GMT}	INFO	[jepsen worker 0] jepsen.util: 0	:ok	:echo	{:echo "Please echo 10", :in_reply_to 19, :msg_id 19, :type "echo_ok"}
2023-05-23 00:03:26,099{GMT}	INFO	[jepsen worker 0] jepsen.util: 0	:invoke	:echo	"Please echo 24"
2023-05-23 00:03:26,101{GMT}	INFO	[jepsen worker 0] jepsen.util: 0	:ok	:echo	{:echo "Please echo 24", :in_reply_to 20, :msg_id 20, :type "echo_ok"}
2023-05-23 00:03:26,453{GMT}	INFO	[jepsen worker 0] jepsen.util: 0	:invoke	:echo	"Please echo 4"
2023-05-23 00:03:26,465{GMT}	INFO	[jepsen worker 0] jepsen.util: 0	:ok	:echo	{:echo "Please echo 4", :in_reply_to 21, :msg_id 21, :type "echo_ok"}
2023-05-23 00:03:26,852{GMT}	INFO	[jepsen worker 0] jepsen.util: 0	:invoke	:echo	"Please echo 48"
2023-05-23 00:03:26,854{GMT}	INFO	[jepsen worker 0] jepsen.util: 0	:ok	:echo	{:echo "Please echo 48", :in_reply_to 22, :msg_id 22, :type "echo_ok"}
2023-05-23 00:03:27,096{GMT}	INFO	[jepsen worker 0] jepsen.util: 0	:invoke	:echo	"Please echo 80"
2023-05-23 00:03:27,097{GMT}	INFO	[jepsen worker 0] jepsen.util: 0	:ok	:echo	{:echo "Please echo 80", :in_reply_to 23, :msg_id 23, :type "echo_ok"}
2023-05-23 00:03:27,098{GMT}	INFO	[jepsen worker 0] jepsen.util: 0	:invoke	:echo	"Please echo 4"
2023-05-23 00:03:27,100{GMT}	INFO	[jepsen worker 0] jepsen.util: 0	:ok	:echo	{:echo "Please echo 4", :in_reply_to 24, :msg_id 24, :type "echo_ok"}
2023-05-23 00:03:27,199{GMT}	INFO	[jepsen worker 0] jepsen.util: 0	:invoke	:echo	"Please echo 105"
2023-05-23 00:03:27,200{GMT}	INFO	[jepsen worker 0] jepsen.util: 0	:ok	:echo	{:echo "Please echo 105", :in_reply_to 25, :msg_id 25, :type "echo_ok"}
2023-05-23 00:03:27,281{GMT}	INFO	[jepsen worker 0] jepsen.util: 0	:invoke	:echo	"Please echo 114"
2023-05-23 00:03:27,282{GMT}	INFO	[jepsen worker 0] jepsen.util: 0	:ok	:echo	{:echo "Please echo 114", :in_reply_to 26, :msg_id 26, :type "echo_ok"}
2023-05-23 00:03:27,335{GMT}	INFO	[jepsen worker 0] jepsen.util: 0	:invoke	:echo	"Please echo 28"
2023-05-23 00:03:27,352{GMT}	INFO	[jepsen worker 0] jepsen.util: 0	:ok	:echo	{:echo "Please echo 28", :in_reply_to 27, :msg_id 27, :type "echo_ok"}
2023-05-23 00:03:27,570{GMT}	INFO	[jepsen worker 0] jepsen.util: 0	:invoke	:echo	"Please echo 51"
2023-05-23 00:03:27,572{GMT}	INFO	[jepsen worker 0] jepsen.util: 0	:ok	:echo	{:echo "Please echo 51", :in_reply_to 28, :msg_id 28, :type "echo_ok"}
2023-05-23 00:03:27,933{GMT}	INFO	[jepsen worker 0] jepsen.util: 0	:invoke	:echo	"Please echo 63"
2023-05-23 00:03:27,935{GMT}	INFO	[jepsen worker 0] jepsen.util: 0	:ok	:echo	{:echo "Please echo 63", :in_reply_to 29, :msg_id 29, :type "echo_ok"}
2023-05-23 00:03:27,942{GMT}	INFO	[jepsen worker 0] jepsen.util: 0	:invoke	:echo	"Please echo 36"
2023-05-23 00:03:27,943{GMT}	INFO	[jepsen worker 0] jepsen.util: 0	:ok	:echo	{:echo "Please echo 36", :in_reply_to 30, :msg_id 30, :type "echo_ok"}
2023-05-23 00:03:28,101{GMT}	INFO	[jepsen worker 0] jepsen.util: 0	:invoke	:echo	"Please echo 37"
2023-05-23 00:03:28,103{GMT}	INFO	[jepsen worker 0] jepsen.util: 0	:ok	:echo	{:echo "Please echo 37", :in_reply_to 31, :msg_id 31, :type "echo_ok"}
2023-05-23 00:03:28,370{GMT}	INFO	[jepsen worker 0] jepsen.util: 0	:invoke	:echo	"Please echo 73"
2023-05-23 00:03:28,371{GMT}	INFO	[jepsen worker 0] jepsen.util: 0	:ok	:echo	{:echo "Please echo 73", :in_reply_to 32, :msg_id 32, :type "echo_ok"}
2023-05-23 00:03:28,496{GMT}	INFO	[jepsen worker 0] jepsen.util: 0	:invoke	:echo	"Please echo 41"
2023-05-23 00:03:28,497{GMT}	INFO	[jepsen worker 0] jepsen.util: 0	:ok	:echo	{:echo "Please echo 41", :in_reply_to 33, :msg_id 33, :type "echo_ok"}
2023-05-23 00:03:28,637{GMT}	INFO	[jepsen worker 0] jepsen.util: 0	:invoke	:echo	"Please echo 54"
2023-05-23 00:03:28,639{GMT}	INFO	[jepsen worker 0] jepsen.util: 0	:ok	:echo	{:echo "Please echo 54", :in_reply_to 34, :msg_id 34, :type "echo_ok"}
2023-05-23 00:03:28,716{GMT}	INFO	[jepsen worker 0] jepsen.util: 0	:invoke	:echo	"Please echo 18"
2023-05-23 00:03:28,717{GMT}	INFO	[jepsen worker 0] jepsen.util: 0	:ok	:echo	{:echo "Please echo 18", :in_reply_to 35, :msg_id 35, :type "echo_ok"}
2023-05-23 00:03:28,759{GMT}	INFO	[jepsen worker 0] jepsen.util: 0	:invoke	:echo	"Please echo 35"
2023-05-23 00:03:28,760{GMT}	INFO	[jepsen worker 0] jepsen.util: 0	:ok	:echo	{:echo "Please echo 35", :in_reply_to 36, :msg_id 36, :type "echo_ok"}
2023-05-23 00:03:29,051{GMT}	INFO	[jepsen worker 0] jepsen.util: 0	:invoke	:echo	"Please echo 30"
2023-05-23 00:03:29,054{GMT}	INFO	[jepsen worker 0] jepsen.util: 0	:ok	:echo	{:echo "Please echo 30", :in_reply_to 37, :msg_id 37, :type "echo_ok"}
2023-05-23 00:03:29,293{GMT}	INFO	[jepsen worker 0] jepsen.util: 0	:invoke	:echo	"Please echo 29"
2023-05-23 00:03:29,294{GMT}	INFO	[jepsen worker 0] jepsen.util: 0	:ok	:echo	{:echo "Please echo 29", :in_reply_to 38, :msg_id 38, :type "echo_ok"}
2023-05-23 00:03:29,322{GMT}	INFO	[jepsen worker 0] jepsen.util: 0	:invoke	:echo	"Please echo 12"
2023-05-23 00:03:29,324{GMT}	INFO	[jepsen worker 0] jepsen.util: 0	:ok	:echo	{:echo "Please echo 12", :in_reply_to 39, :msg_id 39, :type "echo_ok"}
2023-05-23 00:03:29,335{GMT}	INFO	[Jepsen shutdown hook] jepsen.core: Downloading DB logs before JVM shutdown...
