2023-05-23 00:04:45,029{GMT}	INFO	[jepsen test runner] jepsen.core: Test version 0b204910cfb02817f78742c84c72821d44de1b15 (plus uncommitted changes)
2023-05-23 00:04:45,029{GMT}	INFO	[jepsen test runner] jepsen.core: Command line:
lein run test -w echo --bin /Users/test/go/bin/maelstrom-echo --node-count 1 --time-limit 10
2023-05-23 00:04:45,093{GMT}	INFO	[jepsen test runner] jepsen.core: Running test:
{:args []
 :remote
 #jepsen.control.retry.Remote{:remote #jepsen.control.scp.Remote{:cmd-remote #jepsen.control.sshj.SSHJRemote{:concurrency-limit 6,
                                                                                                             :conn-spec nil,
                                                                                                             :client nil,
                                                                                                             :semaphore nil},
                                                                 :conn-spec nil},
                              :conn nil}
 :log-net-send false
 :node-count 1
 :availability nil
 :max-txn-length 4
 :concurrency 1
 :db
 #object[maelstrom.db$db$reify__16142
         "0xd15f98a"
         "maelstrom.db$db$reify__16142@d15f98a"]
 :max-writes-per-key 16
 :leave-db-running? false
 :name "echo"
 :logging-json? false
 :start-time
 #object[org.joda.time.DateTime "0x8d40f07" "2023-05-23T00:04:44.994-04:00"]
 :nemesis-interval 10
 :net
 #object[maelstrom.net$jepsen_net$reify__15251
         "0x196c8b93"
         "maelstrom.net$jepsen_net$reify__15251@196c8b93"]
 :client
 #object[maelstrom.workload.echo$client$reify__16863
         "0x307ca947"
         "maelstrom.workload.echo$client$reify__16863@307ca947"]
 :barrier
 #object[java.util.concurrent.CyclicBarrier
         "0x61d1315b"
         "java.util.concurrent.CyclicBarrier@61d1315b"]
 :log-stderr false
 :pure-generators true
 :ssh {:dummy? true}
 :rate 5
 :checker
 #object[jepsen.checker$compose$reify__11881
         "0x49d5b651"
         "jepsen.checker$compose$reify__11881@49d5b651"]
 :argv
 ("test"
  "-w"
  "echo"
  "--bin"
  "/Users/test/go/bin/maelstrom-echo"
  "--node-count"
  "1"
  "--time-limit"
  "10")
 :nemesis
 (jepsen.nemesis.ReflCompose
  {:fm {:start-partition 0,
        :stop-partition 0,
        :kill 1,
        :start 1,
        :pause 1,
        :resume 1},
   :nemeses [#unprintable "jepsen.nemesis.combined$partition_nemesis$reify__16416@34989ceb"
             #unprintable "jepsen.nemesis.combined$db_nemesis$reify__16397@61fb3dae"]})
 :nodes ["n0"]
 :test-count 1
 :latency {:mean 0, :dist :constant}
 :bin "/Users/test/go/bin/maelstrom-echo"
 :generator
 (jepsen.generator.TimeLimit
  {:limit 10000000000,
   :cutoff nil,
   :gen (jepsen.generator.Any
         {:gens [(jepsen.generator.OnThreads
                  {:f #{:nemesis},
                   :context-filter #object[jepsen.generator.context$make_thread_filter$lazy_filter__9167
                                           "0x5aad4194"
                                           "jepsen.generator.context$make_thread_filter$lazy_filter__9167@5aad4194"],
                   :gen nil})
                 (jepsen.generator.OnThreads
                  {:f #jepsen.generator.context.AllBut{:element :nemesis},
                   :context-filter #object[jepsen.generator.context$make_thread_filter$lazy_filter__9167
                                           "0x50a1c2f3"
                                           "jepsen.generator.context$make_thread_filter$lazy_filter__9167@50a1c2f3"],
                   :gen (jepsen.generator.Stagger
                         {:dt 400000000,
                          :next-time nil,
                          :gen (jepsen.generator.EachThread
                                {:fresh-gen #object[maelstrom.workload.echo$workload$fn__16882
                                                    "0x453ca7f"
                                                    "maelstrom.workload.echo$workload$fn__16882@453ca7f"],
                                 :context-filters #object[clojure.core$promise$reify__8591
                                                          "0x5d41b929"
                                                          {:status :pending,
                                                           :val nil}],
                                 :gens {}})})})]})})
 :log-net-recv false
 :os
 #object[maelstrom.net$jepsen_os$reify__15254
         "0x6dd0e2f4"
         "maelstrom.net$jepsen_os$reify__15254@6dd0e2f4"]
 :time-limit 10
 :workload :echo
 :consistency-models [:strict-serializable]
 :topology :grid}

2023-05-23 00:04:47,073{GMT}	INFO	[jepsen node n0] maelstrom.net: Starting Maelstrom network
2023-05-23 00:04:47,074{GMT}	INFO	[jepsen test runner] jepsen.db: Tearing down DB
2023-05-23 00:04:47,076{GMT}	INFO	[jepsen test runner] jepsen.db: Setting up DB
2023-05-23 00:04:47,078{GMT}	INFO	[jepsen node n0] maelstrom.service: Starting services: (lin-kv lin-tso lww-kv seq-kv)
2023-05-23 00:04:47,079{GMT}	INFO	[jepsen node n0] maelstrom.db: Setting up n0
2023-05-23 00:04:47,080{GMT}	INFO	[jepsen node n0] maelstrom.process: launching /Users/test/go/bin/maelstrom-echo []
2023-05-23 00:04:47,101{GMT}	INFO	[jepsen test runner] jepsen.core: Relative time begins now
2023-05-23 00:04:47,119{GMT}	INFO	[jepsen worker 0] jepsen.util: 0	:invoke	:echo	"Please echo 69"
2023-05-23 00:04:47,126{GMT}	INFO	[jepsen worker 0] jepsen.util: 0	:ok	:echo	{:echo "Please echo 69", :in_reply_to 1, :msg_id 1, :type "echo_ok"}
2023-05-23 00:04:47,392{GMT}	INFO	[jepsen worker 0] jepsen.util: 0	:invoke	:echo	"Please echo 100"
2023-05-23 00:04:47,394{GMT}	INFO	[jepsen worker 0] jepsen.util: 0	:ok	:echo	{:echo "Please echo 100", :in_reply_to 2, :msg_id 2, :type "echo_ok"}
2023-05-23 00:04:47,402{GMT}	INFO	[jepsen worker 0] jepsen.util: 0	:invoke	:echo	"Please echo 15"
2023-05-23 00:04:47,403{GMT}	INFO	[jepsen worker 0] jepsen.util: 0	:ok	:echo	{:echo "Please echo 15", :in_reply_to 3, :msg_id 3, :type "echo_ok"}
2023-05-23 00:04:47,765{GMT}	INFO	[jepsen worker 0] jepsen.util: 0	:invoke	:echo	"Please echo 75"
2023-05-23 00:04:47,766{GMT}	INFO	[jepsen worker 0] jepsen.util: 0	:ok	:echo	{:echo "Please echo 75", :in_reply_to 4, :msg_id 4, :type "echo_ok"}
2023-05-23 00:04:48,125{GMT}	INFO	[jepsen worker 0] jepsen.util: 0	:invoke	:echo	"Please echo 6"
2023-05-23 00:04:48,127{GMT}	INFO	[jepsen worker 0] jepsen.util: 0	:ok	:echo	{:echo "Please echo 6", :in_reply_to 5, :msg_id 5, :type "echo_ok"}
2023-05-23 00:04:48,255{GMT}	INFO	[jepsen worker 0] jepsen.util: 0	:invoke	:echo	"Please echo 19"
2023-05-23 00:04:48,256{GMT}	INFO	[jepsen worker 0] jepsen.util: 0	:ok	:echo	{:echo "Please echo 19", :in_reply_to 6, :msg_id 6, :type "echo_ok"}
2023-05-23 00:04:48,407{GMT}	INFO	[jepsen worker 0] jepsen.util: 0	:invoke	:echo	"Please echo 2"
2023-05-23 00:04:48,409{GMT}	INFO	[jepsen worker 0] jepsen.util: 0	:ok	:echo	{:echo "Please echo 2", :in_reply_to 7, :msg_id 7, :type "echo_ok"}
2023-05-23 00:04:48,690{GMT}	INFO	[jepsen worker 0] jepsen.util: 0	:invoke	:echo	"Please echo 111"
2023-05-23 00:04:48,692{GMT}	INFO	[jepsen worker 0] jepsen.util: 0	:ok	:echo	{:echo "Please echo 111", :in_reply_to 8, :msg_id 8, :type "echo_ok"}
2023-05-23 00:04:49,017{GMT}	INFO	[jepsen worker 0] jepsen.util: 0	:invoke	:echo	"Please echo 33"
2023-05-23 00:04:49,020{GMT}	INFO	[jepsen worker 0] jepsen.util: 0	:ok	:echo	{:echo "Please echo 33", :in_reply_to 9, :msg_id 9, :type "echo_ok"}
2023-05-23 00:04:49,352{GMT}	INFO	[jepsen worker 0] jepsen.util: 0	:invoke	:echo	"Please echo 107"
2023-05-23 00:04:49,354{GMT}	INFO	[jepsen worker 0] jepsen.util: 0	:ok	:echo	{:echo "Please echo 107", :in_reply_to 10, :msg_id 10, :type "echo_ok"}
2023-05-23 00:04:49,619{GMT}	INFO	[jepsen worker 0] jepsen.util: 0	:invoke	:echo	"Please echo 42"
2023-05-23 00:04:49,620{GMT}	INFO	[jepsen worker 0] jepsen.util: 0	:ok	:echo	{:echo "Please echo 42", :in_reply_to 11, :msg_id 11, :type "echo_ok"}
2023-05-23 00:04:49,946{GMT}	INFO	[jepsen worker 0] jepsen.util: 0	:invoke	:echo	"Please echo 73"
2023-05-23 00:04:49,948{GMT}	INFO	[jepsen worker 0] jepsen.util: 0	:ok	:echo	{:echo "Please echo 73", :in_reply_to 12, :msg_id 12, :type "echo_ok"}
2023-05-23 00:04:50,174{GMT}	INFO	[jepsen worker 0] jepsen.util: 0	:invoke	:echo	"Please echo 28"
2023-05-23 00:04:50,176{GMT}	INFO	[jepsen worker 0] jepsen.util: 0	:ok	:echo	{:echo "Please echo 28", :in_reply_to 13, :msg_id 13, :type "echo_ok"}
2023-05-23 00:04:50,407{GMT}	INFO	[jepsen worker 0] jepsen.util: 0	:invoke	:echo	"Please echo 65"
2023-05-23 00:04:50,409{GMT}	INFO	[jepsen worker 0] jepsen.util: 0	:ok	:echo	{:echo "Please echo 65", :in_reply_to 14, :msg_id 14, :type "echo_ok"}
2023-05-23 00:04:50,713{GMT}	INFO	[jepsen worker 0] jepsen.util: 0	:invoke	:echo	"Please echo 83"
2023-05-23 00:04:50,715{GMT}	INFO	[jepsen worker 0] jepsen.util: 0	:ok	:echo	{:echo "Please echo 83", :in_reply_to 15, :msg_id 15, :type "echo_ok"}
2023-05-23 00:04:50,802{GMT}	INFO	[jepsen worker 0] jepsen.util: 0	:invoke	:echo	"Please echo 109"
2023-05-23 00:04:50,804{GMT}	INFO	[jepsen worker 0] jepsen.util: 0	:ok	:echo	{:echo "Please echo 109", :in_reply_to 16, :msg_id 16, :type "echo_ok"}
2023-05-23 00:04:50,831{GMT}	INFO	[jepsen worker 0] jepsen.util: 0	:invoke	:echo	"Please echo 30"
2023-05-23 00:04:50,833{GMT}	INFO	[jepsen worker 0] jepsen.util: 0	:ok	:echo	{:echo "Please echo 30", :in_reply_to 17, :msg_id 17, :type "echo_ok"}
2023-05-23 00:04:51,193{GMT}	INFO	[jepsen worker 0] jepsen.util: 0	:invoke	:echo	"Please echo 42"
2023-05-23 00:04:51,194{GMT}	INFO	[jepsen worker 0] jepsen.util: 0	:ok	:echo	{:echo "Please echo 42", :in_reply_to 18, :msg_id 18, :type "echo_ok"}
2023-05-23 00:04:51,328{GMT}	INFO	[jepsen worker 0] jepsen.util: 0	:invoke	:echo	"Please echo 75"
2023-05-23 00:04:51,330{GMT}	INFO	[jepsen worker 0] jepsen.util: 0	:ok	:echo	{:echo "Please echo 75", :in_reply_to 19, :msg_id 19, :type "echo_ok"}
2023-05-23 00:04:51,519{GMT}	INFO	[jepsen worker 0] jepsen.util: 0	:invoke	:echo	"Please echo 20"
2023-05-23 00:04:51,520{GMT}	INFO	[jepsen worker 0] jepsen.util: 0	:ok	:echo	{:echo "Please echo 20", :in_reply_to 20, :msg_id 20, :type "echo_ok"}
2023-05-23 00:04:51,621{GMT}	INFO	[jepsen worker 0] jepsen.util: 0	:invoke	:echo	"Please echo 6"
2023-05-23 00:04:51,623{GMT}	INFO	[jepsen worker 0] jepsen.util: 0	:ok	:echo	{:echo "Please echo 6", :in_reply_to 21, :msg_id 21, :type "echo_ok"}
2023-05-23 00:04:51,918{GMT}	INFO	[jepsen worker 0] jepsen.util: 0	:invoke	:echo	"Please echo 41"
2023-05-23 00:04:51,919{GMT}	INFO	[jepsen worker 0] jepsen.util: 0	:ok	:echo	{:echo "Please echo 41", :in_reply_to 22, :msg_id 22, :type "echo_ok"}
2023-05-23 00:04:52,188{GMT}	INFO	[jepsen worker 0] jepsen.util: 0	:invoke	:echo	"Please echo 71"
2023-05-23 00:04:52,191{GMT}	INFO	[jepsen worker 0] jepsen.util: 0	:ok	:echo	{:echo "Please echo 71", :in_reply_to 23, :msg_id 23, :type "echo_ok"}
2023-05-23 00:04:52,569{GMT}	INFO	[jepsen worker 0] jepsen.util: 0	:invoke	:echo	"Please echo 85"
2023-05-23 00:04:52,570{GMT}	INFO	[jepsen worker 0] jepsen.util: 0	:ok	:echo	{:echo "Please echo 85", :in_reply_to 24, :msg_id 24, :type "echo_ok"}
2023-05-23 00:04:52,869{GMT}	INFO	[jepsen worker 0] jepsen.util: 0	:invoke	:echo	"Please echo 96"
2023-05-23 00:04:52,870{GMT}	INFO	[jepsen worker 0] jepsen.util: 0	:ok	:echo	{:echo "Please echo 96", :in_reply_to 25, :msg_id 25, :type "echo_ok"}
2023-05-23 00:04:52,996{GMT}	INFO	[jepsen worker 0] jepsen.util: 0	:invoke	:echo	"Please echo 96"
2023-05-23 00:04:52,998{GMT}	INFO	[jepsen worker 0] jepsen.util: 0	:ok	:echo	{:echo "Please echo 96", :in_reply_to 26, :msg_id 26, :type "echo_ok"}
2023-05-23 00:04:53,313{GMT}	INFO	[jepsen worker 0] jepsen.util: 0	:invoke	:echo	"Please echo 99"
2023-05-23 00:04:53,315{GMT}	INFO	[jepsen worker 0] jepsen.util: 0	:ok	:echo	{:echo "Please echo 99", :in_reply_to 27, :msg_id 27, :type "echo_ok"}
2023-05-23 00:04:53,368{GMT}	INFO	[jepsen worker 0] jepsen.util: 0	:invoke	:echo	"Please echo 73"
2023-05-23 00:04:53,370{GMT}	INFO	[jepsen worker 0] jepsen.util: 0	:ok	:echo	{:echo "Please echo 73", :in_reply_to 28, :msg_id 28, :type "echo_ok"}
2023-05-23 00:04:53,526{GMT}	INFO	[jepsen worker 0] jepsen.util: 0	:invoke	:echo	"Please echo 55"
2023-05-23 00:04:53,527{GMT}	INFO	[jepsen worker 0] jepsen.util: 0	:ok	:echo	{:echo "Please echo 55", :in_reply_to 29, :msg_id 29, :type "echo_ok"}
2023-05-23 00:04:53,637{GMT}	INFO	[jepsen worker 0] jepsen.util: 0	:invoke	:echo	"Please echo 36"
2023-05-23 00:04:53,638{GMT}	INFO	[jepsen worker 0] jepsen.util: 0	:ok	:echo	{:echo "Please echo 36", :in_reply_to 30, :msg_id 30, :type "echo_ok"}
2023-05-23 00:04:53,863{GMT}	INFO	[jepsen worker 0] jepsen.util: 0	:invoke	:echo	"Please echo 87"
2023-05-23 00:04:53,865{GMT}	INFO	[jepsen worker 0] jepsen.util: 0	:ok	:echo	{:echo "Please echo 87", :in_reply_to 31, :msg_id 31, :type "echo_ok"}
2023-05-23 00:04:54,219{GMT}	INFO	[jepsen worker 0] jepsen.util: 0	:invoke	:echo	"Please echo 5"
2023-05-23 00:04:54,221{GMT}	INFO	[jepsen worker 0] jepsen.util: 0	:ok	:echo	{:echo "Please echo 5", :in_reply_to 32, :msg_id 32, :type "echo_ok"}
2023-05-23 00:04:54,430{GMT}	INFO	[jepsen worker 0] jepsen.util: 0	:invoke	:echo	"Please echo 122"
2023-05-23 00:04:54,432{GMT}	INFO	[jepsen worker 0] jepsen.util: 0	:ok	:echo	{:echo "Please echo 122", :in_reply_to 33, :msg_id 33, :type "echo_ok"}
2023-05-23 00:04:54,715{GMT}	INFO	[jepsen worker 0] jepsen.util: 0	:invoke	:echo	"Please echo 87"
2023-05-23 00:04:54,716{GMT}	INFO	[jepsen worker 0] jepsen.util: 0	:ok	:echo	{:echo "Please echo 87", :in_reply_to 34, :msg_id 34, :type "echo_ok"}
2023-05-23 00:04:54,761{GMT}	INFO	[jepsen worker 0] jepsen.util: 0	:invoke	:echo	"Please echo 22"
2023-05-23 00:04:54,762{GMT}	INFO	[jepsen worker 0] jepsen.util: 0	:ok	:echo	{:echo "Please echo 22", :in_reply_to 35, :msg_id 35, :type "echo_ok"}
2023-05-23 00:04:54,984{GMT}	INFO	[jepsen worker 0] jepsen.util: 0	:invoke	:echo	"Please echo 88"
2023-05-23 00:04:54,986{GMT}	INFO	[jepsen worker 0] jepsen.util: 0	:ok	:echo	{:echo "Please echo 88", :in_reply_to 36, :msg_id 36, :type "echo_ok"}
2023-05-23 00:04:55,160{GMT}	INFO	[jepsen worker 0] jepsen.util: 0	:invoke	:echo	"Please echo 40"
2023-05-23 00:04:55,162{GMT}	INFO	[jepsen worker 0] jepsen.util: 0	:ok	:echo	{:echo "Please echo 40", :in_reply_to 37, :msg_id 37, :type "echo_ok"}
2023-05-23 00:04:55,546{GMT}	INFO	[jepsen worker 0] jepsen.util: 0	:invoke	:echo	"Please echo 24"
2023-05-23 00:04:55,548{GMT}	INFO	[jepsen worker 0] jepsen.util: 0	:ok	:echo	{:echo "Please echo 24", :in_reply_to 38, :msg_id 38, :type "echo_ok"}
2023-05-23 00:04:55,820{GMT}	INFO	[jepsen worker 0] jepsen.util: 0	:invoke	:echo	"Please echo 49"
2023-05-23 00:04:55,822{GMT}	INFO	[jepsen worker 0] jepsen.util: 0	:ok	:echo	{:echo "Please echo 49", :in_reply_to 39, :msg_id 39, :type "echo_ok"}
2023-05-23 00:04:56,135{GMT}	INFO	[jepsen worker 0] jepsen.util: 0	:invoke	:echo	"Please echo 2"
2023-05-23 00:04:56,137{GMT}	INFO	[jepsen worker 0] jepsen.util: 0	:ok	:echo	{:echo "Please echo 2", :in_reply_to 40, :msg_id 40, :type "echo_ok"}
2023-05-23 00:04:56,291{GMT}	INFO	[jepsen worker 0] jepsen.util: 0	:invoke	:echo	"Please echo 75"
2023-05-23 00:04:56,293{GMT}	INFO	[jepsen worker 0] jepsen.util: 0	:ok	:echo	{:echo "Please echo 75", :in_reply_to 41, :msg_id 41, :type "echo_ok"}
2023-05-23 00:04:56,335{GMT}	INFO	[jepsen worker 0] jepsen.util: 0	:invoke	:echo	"Please echo 13"
2023-05-23 00:04:56,337{GMT}	INFO	[jepsen worker 0] jepsen.util: 0	:ok	:echo	{:echo "Please echo 13", :in_reply_to 42, :msg_id 42, :type "echo_ok"}
2023-05-23 00:04:56,575{GMT}	INFO	[jepsen worker 0] jepsen.util: 0	:invoke	:echo	"Please echo 122"
2023-05-23 00:04:56,577{GMT}	INFO	[jepsen worker 0] jepsen.util: 0	:ok	:echo	{:echo "Please echo 122", :in_reply_to 43, :msg_id 43, :type "echo_ok"}
2023-05-23 00:04:56,712{GMT}	INFO	[jepsen worker 0] jepsen.util: 0	:invoke	:echo	"Please echo 28"
2023-05-23 00:04:56,713{GMT}	INFO	[jepsen worker 0] jepsen.util: 0	:ok	:echo	{:echo "Please echo 28", :in_reply_to 44, :msg_id 44, :type "echo_ok"}
2023-05-23 00:04:57,046{GMT}	INFO	[jepsen worker 0] jepsen.util: 0	:invoke	:echo	"Please echo 46"
2023-05-23 00:04:57,047{GMT}	INFO	[jepsen worker 0] jepsen.util: 0	:ok	:echo	{:echo "Please echo 46", :in_reply_to 45, :msg_id 45, :type "echo_ok"}
2023-05-23 00:04:57,118{GMT}	INFO	[jepsen test runner] jepsen.core: Run complete, writing
2023-05-23 00:04:57,184{GMT}	INFO	[jepsen node n0] maelstrom.db: Tearing down n0
2023-05-23 00:04:58,114{GMT}	INFO	[jepsen node n0] maelstrom.net: Shutting down Maelstrom network
2023-05-23 00:04:58,115{GMT}	INFO	[jepsen test runner] jepsen.core: Analyzing...
2023-05-23 00:04:59,746{GMT}	INFO	[jepsen test runner] jepsen.core: Analysis complete
2023-05-23 00:04:59,770{GMT}	INFO	[jepsen results] jepsen.store: Wrote /Users/test/Projects/gossip-glomers/maelstrom/store/echo/20230523T000444.994-0400/results.edn
2023-05-23 00:04:59,937{GMT}	INFO	[jepsen test runner] jepsen.core: {:perf {:latency-graph {:valid? true},
        :rate-graph {:valid? true},
        :valid? true},
 :timeline {:valid? true},
 :exceptions {:valid? true},
 :stats {:valid? true,
         :count 45,
         :ok-count 45,
         :fail-count 0,
         :info-count 0,
         :by-f {:echo {:valid? true,
                       :count 45,
                       :ok-count 45,
                       :fail-count 0,
                       :info-count 0}}},
 :availability {:valid? true, :ok-fraction 1.0},
 :net {:all {:send-count 92,
             :recv-count 92,
             :msg-count 92,
             :msgs-per-op 2.0444446},
       :clients {:send-count 92, :recv-count 92, :msg-count 92},
       :servers {:send-count 0,
                 :recv-count 0,
                 :msg-count 0,
                 :msgs-per-op 0.0},
       :valid? true},
 :workload {:valid? true, :errors ()},
 :valid? true}


Everything looks good! ヽ(‘ー`)ノ
